  MonitorBrot.cpp
C:\Users\peter\Documents\2nd Year\CMP202 Data Algorithms 2 (S2)\Monitorbrot\MonitorBrot\Project1\MonitorBrot.cpp(154,12): warning C4129: ' ': unrecognized character escape sequence
C:\Users\peter\Documents\2nd Year\CMP202 Data Algorithms 2 (S2)\Monitorbrot\MonitorBrot\Project1\MonitorBrot.cpp(183,45): warning C4267: '=': conversion from 'size_t' to 'int', possible loss of data
C:\Users\peter\Documents\2nd Year\CMP202 Data Algorithms 2 (S2)\Monitorbrot\MonitorBrot\Project1\MonitorBrot.cpp(385,23): warning C4244: 'argument': conversion from '_Rep' to 'int', possible loss of data
C:\Users\peter\Documents\2nd Year\CMP202 Data Algorithms 2 (S2)\Monitorbrot\MonitorBrot\Project1\MonitorBrot.cpp(385,23): warning C4244:         with
C:\Users\peter\Documents\2nd Year\CMP202 Data Algorithms 2 (S2)\Monitorbrot\MonitorBrot\Project1\MonitorBrot.cpp(385,23): warning C4244:         [
C:\Users\peter\Documents\2nd Year\CMP202 Data Algorithms 2 (S2)\Monitorbrot\MonitorBrot\Project1\MonitorBrot.cpp(385,23): warning C4244:             _Rep=__int64
C:\Users\peter\Documents\2nd Year\CMP202 Data Algorithms 2 (S2)\Monitorbrot\MonitorBrot\Project1\MonitorBrot.cpp(385,23): warning C4244:         ]
C:\Program Files (x86)\Microsoft Visual Studio\2019\Community\VC\Tools\MSVC\14.23.28105\include\type_traits(1571,1): warning C4244: 'argument': conversion from '_Ty' to 'int', possible loss of data
C:\Program Files (x86)\Microsoft Visual Studio\2019\Community\VC\Tools\MSVC\14.23.28105\include\type_traits(1571,1): warning C4244:         with
C:\Program Files (x86)\Microsoft Visual Studio\2019\Community\VC\Tools\MSVC\14.23.28105\include\type_traits(1571,1): warning C4244:         [
C:\Program Files (x86)\Microsoft Visual Studio\2019\Community\VC\Tools\MSVC\14.23.28105\include\type_traits(1571,1): warning C4244:             _Ty=double
C:\Program Files (x86)\Microsoft Visual Studio\2019\Community\VC\Tools\MSVC\14.23.28105\include\type_traits(1571,1): warning C4244:         ]
C:\Program Files (x86)\Microsoft Visual Studio\2019\Community\VC\Tools\MSVC\14.23.28105\include\type_traits(1571): message : see reference to function template instantiation 'void std::_Invoker_pmf_pointer::_Call<_Ty,Threadbrot*,double,double,double,double,double,double,bool,int>(_Decayed,_Ty1 &&,double &&,double &&,double &&,double &&,double &&,double &&,bool &&,int &&) noexcept(false)' being compiled
C:\Program Files (x86)\Microsoft Visual Studio\2019\Community\VC\Tools\MSVC\14.23.28105\include\type_traits(1571): message :         with
C:\Program Files (x86)\Microsoft Visual Studio\2019\Community\VC\Tools\MSVC\14.23.28105\include\type_traits(1571): message :         [
C:\Program Files (x86)\Microsoft Visual Studio\2019\Community\VC\Tools\MSVC\14.23.28105\include\type_traits(1571): message :             _Ty=void (__cdecl Threadbrot::* )(double,double,double,double,int,int,bool,int),
C:\Program Files (x86)\Microsoft Visual Studio\2019\Community\VC\Tools\MSVC\14.23.28105\include\type_traits(1571): message :             _Decayed=void (__cdecl Threadbrot::* )(double,double,double,double,int,int,bool,int),
C:\Program Files (x86)\Microsoft Visual Studio\2019\Community\VC\Tools\MSVC\14.23.28105\include\type_traits(1571): message :             _Ty1=Threadbrot *
C:\Program Files (x86)\Microsoft Visual Studio\2019\Community\VC\Tools\MSVC\14.23.28105\include\type_traits(1571): message :         ]
C:\Program Files (x86)\Microsoft Visual Studio\2019\Community\VC\Tools\MSVC\14.23.28105\include\thread(36): message : see reference to function template instantiation 'void std::invoke<void(__cdecl Threadbrot::* )(double,double,double,double,int,int,bool,int),Threadbrot*,double,double,double,double,double,double,bool,int>(_Callable &&,Threadbrot *&&,double &&,double &&,double &&,double &&,double &&,double &&,bool &&,int &&) noexcept(false)' being compiled
C:\Program Files (x86)\Microsoft Visual Studio\2019\Community\VC\Tools\MSVC\14.23.28105\include\thread(36): message :         with
C:\Program Files (x86)\Microsoft Visual Studio\2019\Community\VC\Tools\MSVC\14.23.28105\include\thread(36): message :         [
C:\Program Files (x86)\Microsoft Visual Studio\2019\Community\VC\Tools\MSVC\14.23.28105\include\thread(36): message :             _Callable=void (__cdecl Threadbrot::* )(double,double,double,double,int,int,bool,int)
C:\Program Files (x86)\Microsoft Visual Studio\2019\Community\VC\Tools\MSVC\14.23.28105\include\thread(36): message :         ]
C:\Program Files (x86)\Microsoft Visual Studio\2019\Community\VC\Tools\MSVC\14.23.28105\include\thread(47): message : see reference to function template instantiation 'unsigned int std::thread::_Invoke<_Tuple,0,1,2,3,4,5,6,7,8,9>(void *) noexcept' being compiled
C:\Program Files (x86)\Microsoft Visual Studio\2019\Community\VC\Tools\MSVC\14.23.28105\include\thread(47): message :         with
C:\Program Files (x86)\Microsoft Visual Studio\2019\Community\VC\Tools\MSVC\14.23.28105\include\thread(47): message :         [
C:\Program Files (x86)\Microsoft Visual Studio\2019\Community\VC\Tools\MSVC\14.23.28105\include\thread(47): message :             _Tuple=_Tuple
C:\Program Files (x86)\Microsoft Visual Studio\2019\Community\VC\Tools\MSVC\14.23.28105\include\thread(47): message :         ]
C:\Program Files (x86)\Microsoft Visual Studio\2019\Community\VC\Tools\MSVC\14.23.28105\include\thread(53): message : see reference to function template instantiation 'unsigned int (__cdecl *std::thread::_Get_invoke<_Tuple,0,1,2,3,4,5,6,7,8,9>(std::integer_sequence<unsigned __int64,0,1,2,3,4,5,6,7,8,9>) noexcept)(void *)' being compiled
C:\Users\peter\Documents\2nd Year\CMP202 Data Algorithms 2 (S2)\Monitorbrot\MonitorBrot\Project1\MonitorBrot.cpp(457): message : see reference to function template instantiation 'std::thread::thread<void(__cdecl Threadbrot::* )(double,double,double,double,int,int,bool,int),Threadbrot*&,double&,double&,double&,double&,double&,double&,bool&,int&,void>(_Fn &&,Threadbrot *&,double &,double &,double &,double &,double &,double &,bool &,int &)' being compiled
C:\Users\peter\Documents\2nd Year\CMP202 Data Algorithms 2 (S2)\Monitorbrot\MonitorBrot\Project1\MonitorBrot.cpp(457): message :         with
C:\Users\peter\Documents\2nd Year\CMP202 Data Algorithms 2 (S2)\Monitorbrot\MonitorBrot\Project1\MonitorBrot.cpp(457): message :         [
C:\Users\peter\Documents\2nd Year\CMP202 Data Algorithms 2 (S2)\Monitorbrot\MonitorBrot\Project1\MonitorBrot.cpp(457): message :             _Fn=void (__cdecl Threadbrot::* )(double,double,double,double,int,int,bool,int)
C:\Users\peter\Documents\2nd Year\CMP202 Data Algorithms 2 (S2)\Monitorbrot\MonitorBrot\Project1\MonitorBrot.cpp(457): message :         ]
C:\Program Files (x86)\Microsoft Visual Studio\2019\Community\VC\Tools\MSVC\14.23.28105\include\chrono(669): message : see reference to class template instantiation 'std::chrono::duration<double,std::ratio<1,1>>' being compiled
C:\Program Files (x86)\Microsoft Visual Studio\2019\Community\VC\Tools\MSVC\14.23.28105\include\chrono(177): message : see reference to class template instantiation 'std::chrono::duration<__int64,std::nano>' being compiled
  Stats.cpp
C:\Program Files (x86)\Microsoft Visual Studio\2019\Community\VC\Tools\MSVC\14.23.28105\include\chrono(647): message : see reference to class template instantiation 'std::chrono::time_point<std::chrono::steady_clock,std::chrono::steady_clock::duration>' being compiled
C:\Users\peter\Documents\2nd Year\CMP202 Data Algorithms 2 (S2)\Monitorbrot\MonitorBrot\Project1\Stats.cpp(44,9): warning C4244: 'return': conversion from 'double' to 'int', possible loss of data
  Generating code
  333 of 342 functions (97.4%) were compiled, the rest were copied from previous compilation.
    8 functions were new in current compilation
    2 functions had inline decision re-evaluated but remain unchanged
  Finished generating code
  Project1.vcxproj -> C:\Users\peter\Documents\2nd Year\CMP202 Data Algorithms 2 (S2)\Monitorbrot\MonitorBrot\x64\Release\Project1.exe
